

*******************************************************************************
Wed Jan  9 16:16:56 2013


FIT:    data read from 'all.dat' index 4  using ( $1 * 10**6):( $2>0.002 ? $1 * 10**6 * $3 :1/0)
        format = x:z
        #datapoints = 10
        residuals are weighted equally (unit weight)

function used for fitting: Chi (x)
fitted parameters initialized with current variable values



 Iteration 0
 WSSR        : 7.32497e+18       delta(WSSR)/WSSR   : 0
 delta(WSSR) : 0                 limit for stopping : 1e-05
 lambda	  : 2.92888e-05

initial set of free parameter values

tau_c           = 0.1

After 1 iterations the fit converged.
final sum of squares of residuals : 7.32497e+18
rel. change during last iteration : -1.67755e-15

degrees of freedom    (FIT_NDF)                        : 9
rms of residuals      (FIT_STDFIT) = sqrt(WSSR/ndf)    : 9.02156e+08
variance of residuals (reduced chisquare) = WSSR/ndf   : 8.13886e+17

Final set of parameters            Asymptotic Standard Error
=======================            ==========================

tau_c           = 0.0774878        +/- 5.849e+12    (7.548e+15%)


correlation matrix of the fit parameters:

               tau_c  
tau_c           1.000 


*******************************************************************************
Wed Jan  9 16:19:08 2013


FIT:    data read from 'all.dat' index 4  using ( $1 * 10**6):( $2>0.002 ? $1 * 10**6 * $3 :1/0)
        format = x:z
        #datapoints = 10
        residuals are weighted equally (unit weight)

function used for fitting: Chi (x)
fitted parameters initialized with current variable values



 Iteration 0
 WSSR        : 7.32497e+18       delta(WSSR)/WSSR   : 0
 delta(WSSR) : 0                 limit for stopping : 1e-05
 lambda	  : 2.92888e-05

initial set of free parameter values

tau_c           = 0.1

After 1 iterations the fit converged.
final sum of squares of residuals : 7.32497e+18
rel. change during last iteration : -1.67755e-15

degrees of freedom    (FIT_NDF)                        : 9
rms of residuals      (FIT_STDFIT) = sqrt(WSSR/ndf)    : 9.02156e+08
variance of residuals (reduced chisquare) = WSSR/ndf   : 8.13886e+17

Final set of parameters            Asymptotic Standard Error
=======================            ==========================

tau_c           = 0.0774878        +/- 5.849e+12    (7.548e+15%)


correlation matrix of the fit parameters:

               tau_c  
tau_c           1.000 
